<?xml version="1.0" encoding="UTF-8"?>
<!-- Generated by org.testng.reporters.JUnitReportReporter -->
<testsuite skipped="1" hostname="LAPTOP-B6BGCJOT" name="ir.divar.login.LoginTest" tests="4" failures="0" timestamp="2020-05-17T18:24:30 IRDT" time="25.202" errors="0">
  <testcase name="testIsPageAvailabe" time="23.600" classname="ir.divar.login.LoginTest"/>
  <system-out/>
  <testcase name="testIsLoginButtonAvailabe" time="0.283" classname="ir.divar.login.LoginTest"/>
  <system-out/>
  <testcase name="testFillMobileNumber" time="1.319" classname="ir.divar.login.LoginTest"/>
  <system-out/>
  <testcase name="testFail" classname="ir.divar.login.LoginTest">
    <skipped/>
  </testcase> <!-- testFail -->
  <system-out/>
</testsuite> <!-- ir.divar.login.LoginTest -->
